# JRE version: OpenJDK Runtime Environment (11.0.17+8) (build 11.0.17+8-post-Ubuntu-1ubuntu222.04)
# Java VM: OpenJDK 64-Bit Server VM (11.0.17+8-post-Ubuntu-1ubuntu222.04, mixed mode, sharing, tiered, compressed oops, g1 gc, linux-amd64)
Heap:
 garbage-first heap   total 310272K, used 78859K [0x0000000080000000, 0x0000000100000000)
  region size 1024K, 33 young (33792K), 22 survivors (22528K)
 Metaspace       used 73316K, capacity 75615K, committed 75852K, reserved 581632K
  class space    used 9809K, capacity 10736K, committed 10828K, reserved 516096K
GC Heap History (18 events):
Event: 0,438 GC heap before
{Heap before GC invocations=0 (full 0):
 garbage-first heap   total 258048K, used 30412K [0x0000000080000000, 0x0000000100000000)
  region size 1024K, 24 young (24576K), 0 survivors (0K)
 Metaspace       used 3298K, capacity 6168K, committed 6400K, reserved 524288K
  class space    used 428K, capacity 741K, committed 768K, reserved 516096K
}
Event: 0,444 GC heap after
{Heap after GC invocations=1 (full 0):
 garbage-first heap   total 258048K, used 9553K [0x0000000080000000, 0x0000000100000000)
  region size 1024K, 3 young (3072K), 3 survivors (3072K)
 Metaspace       used 3298K, capacity 6168K, committed 6400K, reserved 524288K
  class space    used 428K, capacity 741K, committed 768K, reserved 516096K
}
Event: 1,922 GC heap before
{Heap before GC invocations=1 (full 0):
 garbage-first heap   total 258048K, used 160081K [0x0000000080000000, 0x0000000100000000)
  region size 1024K, 150 young (153600K), 3 survivors (3072K)
 Metaspace       used 19530K, capacity 20114K, committed 20224K, reserved 534528K
  class space    used 2845K, capacity 3062K, committed 3072K, reserved 516096K
}
Event: 1,935 GC heap after
{Heap after GC invocations=2 (full 0):
 garbage-first heap   total 258048K, used 19228K [0x0000000080000000, 0x0000000100000000)
  region size 1024K, 13 young (13312K), 13 survivors (13312K)
 Metaspace       used 19530K, capacity 20114K, committed 20224K, reserved 534528K
  class space    used 2845K, capacity 3062K, committed 3072K, reserved 516096K
}
Event: 2,019 GC heap before
{Heap before GC invocations=2 (full 0):
 garbage-first heap   total 258048K, used 30492K [0x0000000080000000, 0x0000000100000000)
  region size 1024K, 25 young (25600K), 13 survivors (13312K)
 Metaspace       used 20556K, capacity 21188K, committed 21248K, reserved 534528K
  class space    used 3009K, capacity 3272K, committed 3328K, reserved 516096K
}
Event: 2,027 GC heap after
{Heap after GC invocations=3 (full 0):
 garbage-first heap   total 258048K, used 20278K [0x0000000080000000, 0x0000000100000000)
  region size 1024K, 11 young (11264K), 11 survivors (11264K)
 Metaspace       used 20556K, capacity 21188K, committed 21248K, reserved 534528K
  class space    used 3009K, capacity 3272K, committed 3328K, reserved 516096K
}
Event: 2,955 GC heap before
{Heap before GC invocations=4 (full 0):
 garbage-first heap   total 258048K, used 112438K [0x0000000080000000, 0x0000000100000000)
  region size 1024K, 99 young (101376K), 11 survivors (11264K)
 Metaspace       used 31529K, capacity 32567K, committed 32896K, reserved 544768K
  class space    used 4294K, capacity 4695K, committed 4736K, reserved 516096K
}
Event: 2,964 GC heap after
{Heap after GC invocations=5 (full 0):
 garbage-first heap   total 258048K, used 27442K [0x0000000080000000, 0x0000000100000000)
  region size 1024K, 8 young (8192K), 8 survivors (8192K)
 Metaspace       used 31529K, capacity 32567K, committed 32896K, reserved 544768K
  class space    used 4294K, capacity 4695K, committed 4736K, reserved 516096K
}
Event: 4,776 GC heap before
{Heap before GC invocations=5 (full 0):
 garbage-first heap   total 258048K, used 77618K [0x0000000080000000, 0x0000000100000000)
  region size 1024K, 58 young (59392K), 8 survivors (8192K)
 Metaspace       used 34629K, capacity 35784K, committed 35840K, reserved 546816K
  class space    used 4647K, capacity 5116K, committed 5120K, reserved 516096K
}
Event: 4,800 GC heap after
{Heap after GC invocations=6 (full 0):
 garbage-first heap   total 258048K, used 31468K [0x0000000080000000, 0x0000000100000000)
  region size 1024K, 11 young (11264K), 11 survivors (11264K)
 Metaspace       used 34629K, capacity 35784K, committed 35840K, reserved 546816K
  class space    used 4647K, capacity 5116K, committed 5120K, reserved 516096K
}
Event: 5,942 GC heap before
{Heap before GC invocations=7 (full 0):
 garbage-first heap   total 258048K, used 171756K [0x0000000080000000, 0x0000000100000000)
  region size 1024K, 144 young (147456K), 11 survivors (11264K)
 Metaspace       used 45269K, capacity 46812K, committed 47052K, reserved 557056K
  class space    used 6208K, capacity 6788K, committed 6860K, reserved 516096K
}
Event: 5,952 GC heap after
{Heap after GC invocations=8 (full 0):
 garbage-first heap   total 258048K, used 41594K [0x0000000080000000, 0x0000000100000000)
  region size 1024K, 11 young (11264K), 11 survivors (11264K)
 Metaspace       used 45269K, capacity 46812K, committed 47052K, reserved 557056K
  class space    used 6208K, capacity 6788K, committed 6860K, reserved 516096K
}
Event: 6,986 GC heap before
{Heap before GC invocations=8 (full 0):
 garbage-first heap   total 258048K, used 176762K [0x0000000080000000, 0x0000000100000000)
  region size 1024K, 143 young (146432K), 11 survivors (11264K)
 Metaspace       used 55650K, capacity 57432K, committed 57548K, reserved 565248K
  class space    used 7634K, capacity 8378K, committed 8396K, reserved 516096K
}
Event: 7,014 GC heap after
{Heap after GC invocations=9 (full 0):
 garbage-first heap   total 258048K, used 46802K [0x0000000080000000, 0x0000000100000000)
  region size 1024K, 13 young (13312K), 13 survivors (13312K)
 Metaspace       used 55650K, capacity 57432K, committed 57548K, reserved 565248K
  class space    used 7634K, capacity 8378K, committed 8396K, reserved 516096K
}
Event: 7,552 GC heap before
{Heap before GC invocations=9 (full 0):
 garbage-first heap   total 258048K, used 98002K [0x0000000080000000, 0x0000000100000000)
  region size 1024K, 64 young (65536K), 13 survivors (13312K)
 Metaspace       used 58249K, capacity 60173K, committed 60236K, reserved 569344K
  class space    used 7973K, capacity 8745K, committed 8780K, reserved 516096K
}
Event: 7,567 GC heap after
{Heap after GC invocations=10 (full 0):
 garbage-first heap   total 310272K, used 50322K [0x0000000080000000, 0x0000000100000000)
  region size 1024K, 9 young (9216K), 9 survivors (9216K)
 Metaspace       used 58249K, capacity 60173K, committed 60236K, reserved 569344K
  class space    used 7973K, capacity 8745K, committed 8780K, reserved 516096K
}
Event: 9,289 GC heap before
{Heap before GC invocations=11 (full 0):
 garbage-first heap   total 310272K, used 229522K [0x0000000080000000, 0x0000000100000000)
  region size 1024K, 173 young (177152K), 9 survivors (9216K)
 Metaspace       used 72518K, capacity 74866K, committed 74956K, reserved 581632K
  class space    used 9708K, capacity 10637K, committed 10700K, reserved 516096K
}
Event: 9,302 GC heap after
{Heap after GC invocations=12 (full 0):
 garbage-first heap   total 310272K, used 68619K [0x0000000080000000, 0x0000000100000000)
  region size 1024K, 22 young (22528K), 22 survivors (22528K)
 Metaspace       used 72518K, capacity 74866K, committed 74956K, reserved 581632K
  class space    used 9708K, capacity 10637K, committed 10700K, reserved 516096K
}

