# JRE version: OpenJDK Runtime Environment (11.0.17+8) (build 11.0.17+8-post-Ubuntu-1ubuntu222.04)
# Java VM: OpenJDK 64-Bit Server VM (11.0.17+8-post-Ubuntu-1ubuntu222.04, mixed mode, sharing, tiered, compressed oops, g1 gc, linux-amd64)
Heap:
 garbage-first heap   total 317440K, used 220605K [0x0000000080000000, 0x0000000100000000)
  region size 1024K, 25 young (25600K), 6 survivors (6144K)
 Metaspace       used 113747K, capacity 118731K, committed 118944K, reserved 618496K
  class space    used 14761K, capacity 16539K, committed 16664K, reserved 516096K
GC Heap History (20 events):
Event: 18,512 GC heap before
{Heap before GC invocations=19 (full 0):
 garbage-first heap   total 317440K, used 247935K [0x0000000080000000, 0x0000000100000000)
  region size 1024K, 105 young (107520K), 12 survivors (12288K)
 Metaspace       used 105121K, capacity 109737K, committed 109856K, reserved 610304K
  class space    used 14005K, capacity 15719K, committed 15768K, reserved 516096K
}
Event: 18,535 GC heap after
{Heap after GC invocations=20 (full 0):
 garbage-first heap   total 317440K, used 162596K [0x0000000080000000, 0x0000000100000000)
  region size 1024K, 10 young (10240K), 10 survivors (10240K)
 Metaspace       used 105121K, capacity 109737K, committed 109856K, reserved 610304K
  class space    used 14005K, capacity 15719K, committed 15768K, reserved 516096K
}
Event: 19,223 GC heap before
{Heap before GC invocations=21 (full 0):
 garbage-first heap   total 317440K, used 249636K [0x0000000080000000, 0x0000000100000000)
  region size 1024K, 97 young (99328K), 10 survivors (10240K)
 Metaspace       used 105817K, capacity 110504K, committed 110752K, reserved 612352K
  class space    used 14072K, capacity 15826K, committed 15896K, reserved 516096K
}
Event: 19,233 GC heap after
{Heap after GC invocations=22 (full 0):
 garbage-first heap   total 317440K, used 169917K [0x0000000080000000, 0x0000000100000000)
  region size 1024K, 8 young (8192K), 8 survivors (8192K)
 Metaspace       used 105817K, capacity 110504K, committed 110752K, reserved 612352K
  class space    used 14072K, capacity 15826K, committed 15896K, reserved 516096K
}
Event: 19,521 GC heap before
{Heap before GC invocations=23 (full 0):
 garbage-first heap   total 317440K, used 207805K [0x0000000080000000, 0x0000000100000000)
  region size 1024K, 43 young (44032K), 8 survivors (8192K)
 Metaspace       used 106120K, capacity 110907K, committed 111008K, reserved 612352K
  class space    used 14095K, capacity 15883K, committed 15896K, reserved 516096K
}
Event: 19,530 GC heap after
{Heap after GC invocations=24 (full 0):
 garbage-first heap   total 317440K, used 173485K [0x0000000080000000, 0x0000000100000000)
  region size 1024K, 4 young (4096K), 4 survivors (4096K)
 Metaspace       used 106120K, capacity 110907K, committed 111008K, reserved 612352K
  class space    used 14095K, capacity 15883K, committed 15896K, reserved 516096K
}
Event: 19,847 GC heap before
{Heap before GC invocations=25 (full 0):
 garbage-first heap   total 317440K, used 241069K [0x0000000080000000, 0x0000000100000000)
  region size 1024K, 60 young (61440K), 4 survivors (4096K)
 Metaspace       used 106207K, capacity 111010K, committed 111264K, reserved 612352K
  class space    used 14070K, capacity 15837K, committed 15896K, reserved 516096K
}
Event: 19,860 GC heap after
{Heap after GC invocations=26 (full 0):
 garbage-first heap   total 317440K, used 176948K [0x0000000080000000, 0x0000000100000000)
  region size 1024K, 8 young (8192K), 8 survivors (8192K)
 Metaspace       used 106207K, capacity 111010K, committed 111264K, reserved 612352K
  class space    used 14070K, capacity 15837K, committed 15896K, reserved 516096K
}
Event: 20,346 GC heap before
{Heap before GC invocations=27 (full 0):
 garbage-first heap   total 317440K, used 266036K [0x0000000080000000, 0x0000000100000000)
  region size 1024K, 88 young (90112K), 8 survivors (8192K)
 Metaspace       used 106843K, capacity 111652K, committed 111904K, reserved 612352K
  class space    used 14164K, capacity 15928K, committed 16024K, reserved 516096K
}
Event: 20,355 GC heap after
{Heap after GC invocations=28 (full 0):
 garbage-first heap   total 317440K, used 183120K [0x0000000080000000, 0x0000000100000000)
  region size 1024K, 10 young (10240K), 10 survivors (10240K)
 Metaspace       used 106843K, capacity 111652K, committed 111904K, reserved 612352K
  class space    used 14164K, capacity 15928K, committed 16024K, reserved 516096K
}
Event: 20,713 GC heap before
{Heap before GC invocations=28 (full 0):
 garbage-first heap   total 317440K, used 228176K [0x0000000080000000, 0x0000000100000000)
  region size 1024K, 56 young (57344K), 10 survivors (10240K)
 Metaspace       used 107935K, capacity 112719K, committed 113056K, reserved 614400K
  class space    used 14281K, capacity 16059K, committed 16152K, reserved 516096K
}
Event: 20,729 GC heap after
{Heap after GC invocations=29 (full 0):
 garbage-first heap   total 317440K, used 189751K [0x0000000080000000, 0x0000000100000000)
  region size 1024K, 7 young (7168K), 7 survivors (7168K)
 Metaspace       used 107935K, capacity 112719K, committed 113056K, reserved 614400K
  class space    used 14281K, capacity 16059K, committed 16152K, reserved 516096K
}
Event: 21,039 GC heap before
{Heap before GC invocations=29 (full 0):
 garbage-first heap   total 317440K, used 264503K [0x0000000080000000, 0x0000000100000000)
  region size 1024K, 69 young (70656K), 7 survivors (7168K)
 Metaspace       used 107992K, capacity 112807K, committed 113056K, reserved 614400K
  class space    used 14284K, capacity 16065K, committed 16152K, reserved 516096K
}
Event: 21,046 GC heap after
{Heap after GC invocations=30 (full 0):
 garbage-first heap   total 317440K, used 194794K [0x0000000080000000, 0x0000000100000000)
  region size 1024K, 5 young (5120K), 5 survivors (5120K)
 Metaspace       used 107992K, capacity 112807K, committed 113056K, reserved 614400K
  class space    used 14284K, capacity 16065K, committed 16152K, reserved 516096K
}
Event: 21,236 GC heap before
{Heap before GC invocations=31 (full 0):
 garbage-first heap   total 317440K, used 248042K [0x0000000080000000, 0x0000000100000000)
  region size 1024K, 59 young (60416K), 5 survivors (5120K)
 Metaspace       used 108218K, capacity 113107K, committed 113312K, reserved 614400K
  class space    used 14302K, capacity 16076K, committed 16152K, reserved 516096K
}
Event: 21,248 GC heap after
{Heap after GC invocations=32 (full 0):
 garbage-first heap   total 317440K, used 197198K [0x0000000080000000, 0x0000000100000000)
  region size 1024K, 8 young (8192K), 8 survivors (8192K)
 Metaspace       used 108218K, capacity 113107K, committed 113312K, reserved 614400K
  class space    used 14302K, capacity 16076K, committed 16152K, reserved 516096K
}
Event: 25,309 GC heap before
{Heap before GC invocations=33 (full 0):
 garbage-first heap   total 317440K, used 262734K [0x0000000080000000, 0x0000000100000000)
  region size 1024K, 69 young (70656K), 8 survivors (8192K)
 Metaspace       used 112377K, capacity 117338K, committed 117536K, reserved 618496K
  class space    used 14694K, capacity 16456K, committed 16536K, reserved 516096K
}
Event: 25,340 GC heap after
{Heap after GC invocations=34 (full 0):
 garbage-first heap   total 317440K, used 202271K [0x0000000080000000, 0x0000000100000000)
  region size 1024K, 8 young (8192K), 8 survivors (8192K)
 Metaspace       used 112377K, capacity 117338K, committed 117536K, reserved 618496K
  class space    used 14694K, capacity 16456K, committed 16536K, reserved 516096K
}
Event: 1893,246 GC heap before
{Heap before GC invocations=34 (full 0):
 garbage-first heap   total 317440K, used 262687K [0x0000000080000000, 0x0000000100000000)
  region size 1024K, 68 young (69632K), 8 survivors (8192K)
 Metaspace       used 113610K, capacity 118552K, committed 118944K, reserved 618496K
  class space    used 14756K, capacity 16530K, committed 16664K, reserved 516096K
}
Event: 1893,253 GC heap after
{Heap after GC invocations=35 (full 0):
 garbage-first heap   total 317440K, used 203197K [0x0000000080000000, 0x0000000100000000)
  region size 1024K, 6 young (6144K), 6 survivors (6144K)
 Metaspace       used 113610K, capacity 118552K, committed 118944K, reserved 618496K
  class space    used 14756K, capacity 16530K, committed 16664K, reserved 516096K
}

